0 info it worked if it ends with ok
1 verbose cli [ '/home/nikolai/.nvm/versions/node/v6.4.0/bin/node',
1 verbose cli   '/home/nikolai/.nvm/versions/node/v6.4.0/bin/npm',
1 verbose cli   'run',
1 verbose cli   'metal' ]
2 info using npm@3.10.3
3 info using node@v6.4.0
4 verbose run-script [ 'premetal', 'metal', 'postmetal' ]
5 info lifecycle FrontMan@0.1.1~premetal: FrontMan@0.1.1
6 silly lifecycle FrontMan@0.1.1~premetal: no script for premetal, continuing
7 info lifecycle FrontMan@0.1.1~metal: FrontMan@0.1.1
8 verbose lifecycle FrontMan@0.1.1~metal: unsafe-perm in lifecycle true
9 verbose lifecycle FrontMan@0.1.1~metal: PATH: /home/nikolai/.nvm/versions/node/v6.4.0/lib/node_modules/npm/bin/node-gyp-bin:/home/nikolai/progects/zharikovpro/frontman/node_modules/.bin:/home/nikolai/.nvm/versions/node/v6.4.0/bin:/home/nikolai/bin:/home/nikolai/.local/bin:/home/nikolai/.nvm/versions/node/v6.4.0/bin:/home/nikolai/bin:/home/nikolai/.local/bin:/usr/local/sbin:/usr/local/bin:/usr/sbin:/usr/bin:/sbin:/bin:/usr/games:/usr/local/games:/snap/bin:/home/nikolai/.vimpkg/bin
10 verbose lifecycle FrontMan@0.1.1~metal: CWD: /home/nikolai/progects/zharikovpro/frontman
11 silly lifecycle FrontMan@0.1.1~metal: Args: [ '-c', 'NODE_ENV=production node index.js' ]
12 silly lifecycle FrontMan@0.1.1~metal: Returned: code: 1  signal: null
13 info lifecycle FrontMan@0.1.1~metal: Failed to exec metal script
14 verbose stack Error: FrontMan@0.1.1 metal: `NODE_ENV=production node index.js`
14 verbose stack Exit status 1
14 verbose stack     at EventEmitter.<anonymous> (/home/nikolai/.nvm/versions/node/v6.4.0/lib/node_modules/npm/lib/utils/lifecycle.js:242:16)
14 verbose stack     at emitTwo (events.js:106:13)
14 verbose stack     at EventEmitter.emit (events.js:191:7)
14 verbose stack     at ChildProcess.<anonymous> (/home/nikolai/.nvm/versions/node/v6.4.0/lib/node_modules/npm/lib/utils/spawn.js:40:14)
14 verbose stack     at emitTwo (events.js:106:13)
14 verbose stack     at ChildProcess.emit (events.js:191:7)
14 verbose stack     at maybeClose (internal/child_process.js:852:16)
14 verbose stack     at Process.ChildProcess._handle.onexit (internal/child_process.js:215:5)
15 verbose pkgid FrontMan@0.1.1
16 verbose cwd /home/nikolai/progects/zharikovpro/frontman
17 error Linux 4.4.0-45-generic
18 error argv "/home/nikolai/.nvm/versions/node/v6.4.0/bin/node" "/home/nikolai/.nvm/versions/node/v6.4.0/bin/npm" "run" "metal"
19 error node v6.4.0
20 error npm  v3.10.3
21 error code ELIFECYCLE
22 error FrontMan@0.1.1 metal: `NODE_ENV=production node index.js`
22 error Exit status 1
23 error Failed at the FrontMan@0.1.1 metal script 'NODE_ENV=production node index.js'.
23 error Make sure you have the latest version of node.js and npm installed.
23 error If you do, this is most likely a problem with the FrontMan package,
23 error not with npm itself.
23 error Tell the author that this fails on your system:
23 error     NODE_ENV=production node index.js
23 error You can get information on how to open an issue for this project with:
23 error     npm bugs FrontMan
23 error Or if that isn't available, you can get their info via:
23 error     npm owner ls FrontMan
23 error There is likely additional logging output above.
24 verbose exit [ 1, true ]
